[0612/211004.112:ERROR:process_info.cc(329)] VirtualQueryEx: Acesso negado. (0x5)
[0612/211004.112:ERROR:process_info.cc(556)] ReadMemoryInfo failed
[0612/211004.112:ERROR:scoped_process_suspend.cc(40)] NtResumeProcess: Tentou-se acessar um processo de saída. (0xc000010a)
[0612/211004.159:ERROR:process_info.cc(329)] VirtualQueryEx: Acesso negado. (0x5)
[0612/211004.159:ERROR:process_info.cc(556)] ReadMemoryInfo failed
[0612/211004.159:ERROR:scoped_process_suspend.cc(40)] NtResumeProcess: Tentou-se acessar um processo de saída. (0xc000010a)
[0708/190802.085:ERROR:process_reader_win.cc(151)] SuspendThread: Acesso negado. (0x5)
[0708/190802.093:ERROR:process_reader_win.cc(151)] SuspendThread: Acesso negado. (0x5)
[0708/190802.090:ERROR:process_reader_win.cc(123)] NtOpenThread: {Acesso Negado} Um processo solicitou acesso a um objeto, mas o direito de acesso não lhe foi concedido. (0xc0000022)
[0708/190802.115:ERROR:exception_snapshot_win.cc(98)] thread ID 17724 not found in process
[0708/190802.103:ERROR:process_reader_win.cc(123)] NtOpenThread: {Acesso Negado} Um processo solicitou acesso a um objeto, mas o direito de acesso não lhe foi concedido. (0xc0000022)
[0708/190802.117:ERROR:exception_snapshot_win.cc(98)] thread ID 9152 not found in process
[0708/190802.093:ERROR:process_reader_win.cc(123)] NtOpenThread: {Acesso Negado} Um processo solicitou acesso a um objeto, mas o direito de acesso não lhe foi concedido. (0xc0000022)
[0708/190802.118:ERROR:exception_snapshot_win.cc(98)] thread ID 3484 not found in process
[0708/190802.090:ERROR:process_reader_win.cc(123)] NtOpenThread: {Acesso Negado} Um processo solicitou acesso a um objeto, mas o direito de acesso não lhe foi concedido. (0xc0000022)
[0708/190802.166:ERROR:exception_snapshot_win.cc(98)] thread ID 13920 not found in process
[0708/190802.276:ERROR:process_reader_win.cc(123)] NtOpenThread: {Acesso Negado} Um processo solicitou acesso a um objeto, mas o direito de acesso não lhe foi concedido. (0xc0000022)
[0708/190802.276:ERROR:exception_snapshot_win.cc(98)] thread ID 12312 not found in process
[1124/104406.742:ERROR:directory_reader_win.cc(43)] FindFirstFile: O sistema não pode encontrar o caminho especificado. (0x3)
[1124/104406.751:ERROR:filesystem_win.cc(129)] GetFileAttributes C:\Users\10087134\AppData\Local\Google\Chrome\User Data\Crashpad\attachments\91946901-e424-4513-9816-fec6ba011bbd: O sistema não pode encontrar o caminho especificado. (0x3)
[1125/104406.860:ERROR:directory_reader_win.cc(43)] FindFirstFile: O sistema não pode encontrar o caminho especificado. (0x3)
[1126/104408.483:ERROR:directory_reader_win.cc(43)] FindFirstFile: O sistema não pode encontrar o caminho especificado. (0x3)
[1127/104406.809:ERROR:directory_reader_win.cc(43)] FindFirstFile: O sistema não pode encontrar o caminho especificado. (0x3)
[1128/104406.618:ERROR:directory_reader_win.cc(43)] FindFirstFile: O sistema não pode encontrar o caminho especificado. (0x3)
[1129/104406.767:ERROR:directory_reader_win.cc(43)] FindFirstFile: O sistema não pode encontrar o caminho especificado. (0x3)
[1130/104406.704:ERROR:directory_reader_win.cc(43)] FindFirstFile: O sistema não pode encontrar o caminho especificado. (0x3)
[1201/104359.941:ERROR:directory_reader_win.cc(43)] FindFirstFile: O sistema não pode encontrar o caminho especificado. (0x3)
[1218/114505.926:ERROR:directory_reader_win.cc(43)] FindFirstFile: O sistema não pode encontrar o caminho especificado. (0x3)
[1219/114506.309:ERROR:directory_reader_win.cc(43)] FindFirstFile: O sistema não pode encontrar o caminho especificado. (0x3)
[1220/114506.755:ERROR:directory_reader_win.cc(43)] FindFirstFile: O sistema não pode encontrar o caminho especificado. (0x3)
[1221/114507.715:ERROR:directory_reader_win.cc(43)] FindFirstFile: O sistema não pode encontrar o caminho especificado. (0x3)
[1222/114508.430:ERROR:directory_reader_win.cc(43)] FindFirstFile: O sistema não pode encontrar o caminho especificado. (0x3)
[1223/114507.601:ERROR:directory_reader_win.cc(43)] FindFirstFile: O sistema não pode encontrar o caminho especificado. (0x3)
[1224/114508.097:ERROR:directory_reader_win.cc(43)] FindFirstFile: O sistema não pode encontrar o caminho especificado. (0x3)
[1225/114508.649:ERROR:directory_reader_win.cc(43)] FindFirstFile: O sistema não pode encontrar o caminho especificado. (0x3)
[1226/114508.377:ERROR:directory_reader_win.cc(43)] FindFirstFile: O sistema não pode encontrar o caminho especificado. (0x3)
[1226/114508.390:ERROR:filesystem_win.cc(129)] GetFileAttributes C:\Users\10087134\AppData\Local\Google\Chrome\User Data\Crashpad\attachments\0beaded2-355e-4da1-9302-8487d30ddc4a: O sistema não pode encontrar o caminho especificado. (0x3)
[1226/114508.395:ERROR:filesystem_win.cc(129)] GetFileAttributes C:\Users\10087134\AppData\Local\Google\Chrome\User Data\Crashpad\attachments\9d772f94-d401-48ba-8c84-a616d9a0e9b9: O sistema não pode encontrar o caminho especificado. (0x3)
[1226/114508.400:ERROR:filesystem_win.cc(129)] GetFileAttributes C:\Users\10087134\AppData\Local\Google\Chrome\User Data\Crashpad\attachments\04c747f9-113b-4d83-8a22-4bf6f2d6475e: O sistema não pode encontrar o caminho especificado. (0x3)
[1226/114508.405:ERROR:filesystem_win.cc(129)] GetFileAttributes C:\Users\10087134\AppData\Local\Google\Chrome\User Data\Crashpad\attachments\85b73d8e-bda8-417f-9e4e-a6c96a2ed867: O sistema não pode encontrar o caminho especificado. (0x3)
[1226/114508.408:ERROR:filesystem_win.cc(129)] GetFileAttributes C:\Users\10087134\AppData\Local\Google\Chrome\User Data\Crashpad\attachments\e54c0a44-9717-4687-b1ea-7b7844ec92cf: O sistema não pode encontrar o caminho especificado. (0x3)
[1226/114508.411:ERROR:filesystem_win.cc(129)] GetFileAttributes C:\Users\10087134\AppData\Local\Google\Chrome\User Data\Crashpad\attachments\65c972ae-8bef-43d0-ae5f-9d804a4006fb: O sistema não pode encontrar o caminho especificado. (0x3)
[1226/114508.414:ERROR:filesystem_win.cc(129)] GetFileAttributes C:\Users\10087134\AppData\Local\Google\Chrome\User Data\Crashpad\attachments\3a6f4e54-b2e8-4c82-b56e-0243457926dd: O sistema não pode encontrar o caminho especificado. (0x3)
[1226/114508.416:ERROR:filesystem_win.cc(129)] GetFileAttributes C:\Users\10087134\AppData\Local\Google\Chrome\User Data\Crashpad\attachments\784d1e4b-a6ee-48c8-b732-0c2d9fb1645b: O sistema não pode encontrar o caminho especificado. (0x3)
[1226/114508.418:ERROR:filesystem_win.cc(129)] GetFileAttributes C:\Users\10087134\AppData\Local\Google\Chrome\User Data\Crashpad\attachments\eb6d419a-90fa-4f80-bb40-b873fc38cf79: O sistema não pode encontrar o caminho especificado. (0x3)
[1226/114508.421:ERROR:filesystem_win.cc(129)] GetFileAttributes C:\Users\10087134\AppData\Local\Google\Chrome\User Data\Crashpad\attachments\60dedce2-b0f9-44df-96b6-2d3f5b990f9f: O sistema não pode encontrar o caminho especificado. (0x3)
[1226/114508.423:ERROR:filesystem_win.cc(129)] GetFileAttributes C:\Users\10087134\AppData\Local\Google\Chrome\User Data\Crashpad\attachments\63ff42e3-7e8f-441a-a390-9c53416a8097: O sistema não pode encontrar o caminho especificado. (0x3)
[1227/114507.963:ERROR:directory_reader_win.cc(43)] FindFirstFile: O sistema não pode encontrar o caminho especificado. (0x3)
[1227/114507.967:ERROR:filesystem_win.cc(129)] GetFileAttributes C:\Users\10087134\AppData\Local\Google\Chrome\User Data\Crashpad\attachments\b8d75995-7f47-4f5f-875b-820fb5dffd2a: O sistema não pode encontrar o caminho especificado. (0x3)
[1227/114507.969:ERROR:filesystem_win.cc(129)] GetFileAttributes C:\Users\10087134\AppData\Local\Google\Chrome\User Data\Crashpad\attachments\9cf89a37-ad72-4d5b-a1d8-491df8c6f744: O sistema não pode encontrar o caminho especificado. (0x3)
[1227/114507.970:ERROR:filesystem_win.cc(129)] GetFileAttributes C:\Users\10087134\AppData\Local\Google\Chrome\User Data\Crashpad\attachments\6e0e1625-1ac0-4108-9992-5923aca06e4e: O sistema não pode encontrar o caminho especificado. (0x3)
[1228/114507.293:ERROR:directory_reader_win.cc(43)] FindFirstFile: O sistema não pode encontrar o caminho especificado. (0x3)
[1229/114507.841:ERROR:directory_reader_win.cc(43)] FindFirstFile: O sistema não pode encontrar o caminho especificado. (0x3)
[1230/114506.956:ERROR:directory_reader_win.cc(43)] FindFirstFile: O sistema não pode encontrar o caminho especificado. (0x3)
[1231/114507.904:ERROR:directory_reader_win.cc(43)] FindFirstFile: O sistema não pode encontrar o caminho especificado. (0x3)
[0101/114506.734:ERROR:directory_reader_win.cc(43)] FindFirstFile: O sistema não pode encontrar o caminho especificado. (0x3)
[0102/114507.679:ERROR:directory_reader_win.cc(43)] FindFirstFile: O sistema não pode encontrar o caminho especificado. (0x3)
[0103/114507.418:ERROR:directory_reader_win.cc(43)] FindFirstFile: O sistema não pode encontrar o caminho especificado. (0x3)
[0104/114506.221:ERROR:directory_reader_win.cc(43)] FindFirstFile: O sistema não pode encontrar o caminho especificado. (0x3)
[0105/114507.286:ERROR:directory_reader_win.cc(43)] FindFirstFile: O sistema não pode encontrar o caminho especificado. (0x3)
[0105/114507.291:ERROR:filesystem_win.cc(129)] GetFileAttributes C:\Users\10087134\AppData\Local\Google\Chrome\User Data\Crashpad\attachments\434df378-f526-4cf7-9c50-2fbbb9b4fdd0: O sistema não pode encontrar o caminho especificado. (0x3)
[0105/114507.293:ERROR:filesystem_win.cc(129)] GetFileAttributes C:\Users\10087134\AppData\Local\Google\Chrome\User Data\Crashpad\attachments\b45e80e6-dac0-4bb4-a336-2785fdc7e225: O sistema não pode encontrar o caminho especificado. (0x3)
[0106/114506.983:ERROR:directory_reader_win.cc(43)] FindFirstFile: O sistema não pode encontrar o caminho especificado. (0x3)
[0106/114506.998:ERROR:filesystem_win.cc(129)] GetFileAttributes C:\Users\10087134\AppData\Local\Google\Chrome\User Data\Crashpad\attachments\0a208eeb-87db-430d-b10a-0786e38050b6: O sistema não pode encontrar o caminho especificado. (0x3)
